
> server@1.0.0 typecheck:unused
> tsc --noEmit --noUnusedLocals --noUnusedParameters

src/app.ts(108,21): error TS6133: 'req' is declared but its value is never read.
src/app.ts(117,15): error TS6133: 'req' is declared but its value is never read.
src/app.ts(137,53): error TS6133: 'next' is declared but its value is never read.
src/core/application/listeners/crm/index.ts(7,11): error TS6133: '_' is declared but its value is never read.
src/core/application/services/amazon/amazon-fulfillment.service.ts(65,7): error TS6133: 'Shipcrowd_TO_AMAZON_STATUS' is declared but its value is never read.
src/core/application/services/amazon/amazon-product-mapping.service.ts(23,11): error TS6196: 'AmazonListing' is declared but never used.
src/core/application/services/amazon/amazon-product-mapping.service.ts(78,15): error TS6133: 'client' is declared but its value is never read.
src/core/application/services/analytics/export/excel-export.service.ts(101,37): error TS6133: 'rowNumber' is declared but its value is never read.
src/core/application/services/analytics/scheduled-report-executor.service.ts(172,38): error TS6133: 'report' is declared but its value is never read.
src/core/application/services/analytics/scheduled-report-executor.service.ts(172,67): error TS6133: 'dateRange' is declared but its value is never read.
src/core/application/services/analytics/scheduled-report-executor.service.ts(422,66): error TS6133: 'filename' is declared but its value is never read.
src/core/application/services/commission/commission-ai-insights.service.ts(712,9): error TS6133: 'salesRep' is declared but its value is never read.
src/core/application/services/commission/payout-processing.service.ts(489,9): error TS6133: 'userId' is declared but its value is never read.
src/core/application/services/commission/payout-processing.service.ts(535,9): error TS6133: 'userId' is declared but its value is never read.
src/core/application/services/communication/ndr-communication.service.ts(181,17): error TS6133: 'ndrEventId' is declared but its value is never read.
src/core/application/services/communication/ndr-communication.service.ts(181,41): error TS6133: 'channel' is declared but its value is never read.
src/core/application/services/communication/ndr-communication.service.ts(181,50): error TS6133: 'templateType' is declared but its value is never read.
src/core/application/services/communication/ndr-communication.service.ts(181,64): error TS6133: 'customMessage' is declared but its value is never read.
src/core/application/services/courier/courier-reattempt.service.ts(108,58): error TS6133: 'reason' is declared but its value is never read.
src/core/application/services/disputes/weight-dispute-analytics.service.ts(509,19): error TS6133: 'spikeAgg' is declared but its value is never read.
src/core/application/services/finance/cod-remittance.service.ts(77,13): error TS6133: 'totalPlatformFees' is declared but its value is never read.
src/core/application/services/flipkart/flipkart-fulfillment.service.ts(45,7): error TS6133: 'Shipcrowd_TO_FLIPKART_STATUS' is declared but its value is never read.
src/core/application/services/fraud/fraud-detection.service.ts(505,9): error TS6133: 'rule' is declared but its value is never read.
src/core/application/services/fraud/fraud-detection.service.ts(506,9): error TS6133: 'data' is declared but its value is never read.
src/core/application/services/metrics/pricing-metrics.service.ts(39,27): error TS6133: 'labels' is declared but its value is never read.
src/core/application/services/metrics/pricing-metrics.service.ts(69,20): error TS6133: 'type' is declared but its value is never read.
src/core/application/services/metrics/pricing-metrics.service.ts(76,21): error TS6133: 'type' is declared but its value is never read.
src/core/application/services/metrics/pricing-metrics.service.ts(83,27): error TS6133: 'type' is declared but its value is never read.
src/core/application/services/ndr/actions/ndr-action-executors.ts(235,9): error TS6133: 'actionConfig' is declared but its value is never read.
src/core/application/services/ndr/actions/ndr-action-executors.ts(409,9): error TS6133: 'actionConfig' is declared but its value is never read.
src/core/application/services/ndr/actions/ndr-action-executors.ts(563,9): error TS6133: 'actionConfig' is declared but its value is never read.
src/core/application/services/ndr/ndr-analytics.service.ts(554,15): error TS6133: 'EMAIL_COST' is declared but its value is never read.
src/core/application/services/ndr/ndr-resolution.service.ts(535,9): error TS6133: 'notes' is declared but its value is never read.
src/core/application/services/ndr/ndr-resolution.service.ts(594,9): error TS6133: 'priority' is declared but its value is never read.
src/core/application/services/ndr/ndr-resolution.service.ts(595,9): error TS6133: 'escalateTo' is declared but its value is never read.
src/core/application/services/payment/cod-verification.service.ts(83,46): error TS6133: 'phone' is declared but its value is never read.
src/core/application/services/pricing/quote-engine.service.ts(1108,13): error TS6133: 'calculateFromCard' is declared but its value is never read.
src/core/application/services/rto/rto.service.ts(608,26): error TS6133: 'deductRTOCharges' is declared but its value is never read.
src/core/application/services/shipping/label-generator.service.ts(273,40): error TS6133: 'template' is declared but its value is never read.
src/core/application/services/shipping/label-generator.service.ts(304,36): error TS6133: 'template' is declared but its value is never read.
src/core/application/services/shipping/order.service.ts(853,22): error TS6133: 'rowIndex' is declared but its value is never read.
src/core/application/services/shipping/order.service.ts(991,13): error TS6133: 'transactionCommitted' is declared but its value is never read.
src/core/application/services/shopify/shopify-oauth.service.ts(42,11): error TS6196: 'CallbackParams' is declared but never used.
src/core/application/services/shopify/shopify-oauth.service.ts(51,11): error TS6196: 'WebhookRegistration' is declared but never used.
src/core/application/services/shopify/shopify-oauth.service.ts(143,36): error TS6133: 'random' is declared but its value is never read.
src/core/application/services/shopify/shopify-oauth.service.ts(211,38): error TS6133: 'timestamp' is declared but its value is never read.
src/core/application/services/sku/sku-weight-profile.service.ts(47,29): error TS6133: 'HIGH_CONFIDENCE_THRESHOLD' is declared but its value is never read.
src/core/application/services/system/mock-data.service.ts(56,15): error TS6133: 'statuses' is declared but its value is never read.
src/core/application/services/validation/phone-verification.service.ts(13,20): error TS6133: 'exotel' is declared but its value is never read.
src/core/application/services/wallet/wallet-analytics.service.ts(162,23): error TS6133: 'suggestedAmount' is declared but its value is never read.
src/core/application/services/warehouse/packing.service.ts(102,55): error TS6133: 'reason' is declared but its value is never read.
src/core/application/services/warehouse/packing.service.ts(297,58): error TS6133: 'reason' is declared but its value is never read.
src/core/application/services/warehouse/packing.service.ts(332,53): error TS6133: 'startDate' is declared but its value is never read.
src/core/application/services/warehouse/packing.service.ts(332,70): error TS6133: 'endDate' is declared but its value is never read.
src/core/application/services/warehouse/picking.service.ts(378,26): error TS6133: 'findOptimalLocation' is declared but its value is never read.
src/core/application/services/webhooks/webhook-dispatcher.service.ts(60,13): error TS6133: 'generateSignature' is declared but its value is never read.
src/core/application/services/woocommerce/woocommerce-fulfillment.service.ts(72,7): error TS6133: 'Shipcrowd_TO_WOOCOMMERCE_STATUS' is declared but its value is never read.
src/core/application/templates/emails/components/EmailLayout.tsx(14,41): error TS6133: 'previewText' is declared but its value is never read.
src/infrastructure/database/mongoose/models/analytics/scheduled-report.model.ts(287,53): error TS6133: 'cronExpression' is declared but its value is never read.
src/infrastructure/database/mongoose/models/iam/role.model.ts(123,5): error TS6133: 'startRoleId' is declared but its value is never read.
src/infrastructure/database/seeders/data/carrier-data.ts(341,5): error TS6133: 'carrierName' is declared but its value is never read.
src/infrastructure/database/seeders/data/indian-banks.ts(116,45): error TS6133: 'domain' is declared but its value is never read.
src/infrastructure/database/seeders/index.ts(238,15): error TS6133: 'timer' is declared but its value is never read.
src/infrastructure/database/seeders/seeders/01-users.seeder.ts(32,7): error TS6133: 'TEAM_ROLES' is declared but its value is never read.
src/infrastructure/database/seeders/seeders/02-companies.seeder.ts(265,15): error TS6133: 'staffBulkOps' is declared but its value is never read.
src/infrastructure/database/seeders/seeders/04-warehouses.seeder.ts(127,15): error TS6133: 'companyDefaultWarehouses' is declared but its value is never read.
src/infrastructure/database/seeders/seeders/06-inventory.seeder.ts(49,53): error TS6133: 'warehouseId' is declared but its value is never read.
src/infrastructure/database/seeders/seeders/07-orders.seeder.ts(389,10): error TS6133: 'generateCustomerRepository' is declared but its value is never read.
src/infrastructure/database/seeders/seeders/07-orders.seeder.ts(389,37): error TS6133: 'totalOrders' is declared but its value is never read.
src/infrastructure/database/seeders/seeders/07-orders.seeder.ts(440,15): error TS6133: 'inventoryRecords' is declared but its value is never read.
src/infrastructure/database/seeders/seeders/10-rto-events.seeder.ts(205,23): error TS6133: 'skuNames' is declared but its value is never read.
src/infrastructure/database/seeders/seeders/11-wallet-transactions.seeder.ts(17,11): error TS6196: 'CompanyBalance' is declared but never used.
src/infrastructure/database/seeders/seeders/13-sessions.seeder.ts(91,5): error TS6133: 'sessionIndex' is declared but its value is never read.
src/infrastructure/database/seeders/seeders/20-warehouse-config.seeder.ts(57,7): error TS6133: 'AUTHORIZED_ROLES' is declared but its value is never read.
src/infrastructure/database/seeders/seeders/21-marketplace-stores.seeder.ts(24,7): error TS6133: 'STORE_STATUS_DISTRIBUTION' is declared but its value is never read.
src/infrastructure/database/seeders/seeders/21-marketplace-stores.seeder.ts(139,47): error TS6133: 'createdBy' is declared but its value is never read.
src/infrastructure/database/seeders/seeders/22-integrations.seeder.ts(103,27): error TS6133: 'type' is declared but its value is never read.
src/infrastructure/database/seeders/seeders/25-marketplace-product-mappings.seeder.ts(110,19): error TS6133: 'uniqueKeys' is declared but its value is never read.
src/infrastructure/database/seeders/utils/address.utils.ts(102,39): error TS6133: 'city' is declared but its value is never read.
src/infrastructure/database/seeders/utils/address.utils.ts(129,43): error TS6133: 'city' is declared but its value is never read.
src/infrastructure/external/couriers/base/courier.adapter.ts(349,27): error TS6133: 'data' is declared but its value is never read.
src/infrastructure/external/couriers/base/courier.adapter.ts(356,28): error TS6133: 'trackingNumber' is declared but its value is never read.
src/infrastructure/external/couriers/base/courier.adapter.ts(356,52): error TS6133: 'preferredDate' is declared but its value is never read.
src/infrastructure/external/couriers/base/courier.adapter.ts(356,74): error TS6133: 'instructions' is declared but its value is never read.
src/infrastructure/external/couriers/base/courier.adapter.ts(364,9): error TS6133: 'awb' is declared but its value is never read.
src/infrastructure/external/couriers/base/courier.adapter.ts(365,9): error TS6133: 'newAddress' is declared but its value is never read.
src/infrastructure/external/couriers/base/courier.adapter.ts(372,9): error TS6133: 'orderId' is declared but its value is never read.
src/infrastructure/external/couriers/base/courier.adapter.ts(373,9): error TS6133: 'phone' is declared but its value is never read.
src/infrastructure/external/couriers/base/courier.adapter.ts(381,30): error TS6133: 'trackingNumber' is declared but its value is never read.
src/infrastructure/external/couriers/delhivery/delhivery.provider.ts(436,52): error TS6133: 'preferredDate' is declared but its value is never read.
src/infrastructure/external/couriers/delhivery/delhivery.provider.ts(436,74): error TS6133: 'instructions' is declared but its value is never read.
src/infrastructure/external/couriers/delhivery/delhivery.provider.ts(466,9): error TS6133: 'orderId' is declared but its value is never read.
src/infrastructure/external/couriers/ekart/ekart.provider.ts(383,48): error TS6133: 'type' is declared but its value is never read.
src/infrastructure/external/couriers/ekart/ekart.provider.ts(541,53): error TS6133: 'originalAwb' is declared but its value is never read.
src/infrastructure/external/couriers/ekart/ekart.provider.ts(541,74): error TS6133: 'reason' is declared but its value is never read.
src/infrastructure/external/couriers/velocity/velocity-shipfast.provider.ts(1051,94): error TS6133: 'reason' is declared but its value is never read.
src/infrastructure/external/couriers/velocity/velocity-shipfast.provider.ts(1328,28): error TS6133: 'trackingNumber' is declared but its value is never read.
src/infrastructure/external/couriers/velocity/velocity-shipfast.provider.ts(1369,13): error TS6133: 'response' is declared but its value is never read.
src/infrastructure/external/ecommerce/flipkart/flipkart.client.ts(32,11): error TS6133: 'sellerId' is declared but its value is never read.
src/infrastructure/external/storage/storage.service.ts(151,18): error TS6133: 'key' is declared but its value is never read.
src/infrastructure/jobs/finance/invoice-generation.job.ts(78,15): error TS6133: 'companyMap' is declared but its value is never read.
src/infrastructure/utilities/queue-manager.ts(400,34): error TS6133: 'result' is declared but its value is never read.
src/presentation/http/controllers/admin/email-queue.controller.ts(17,42): error TS6133: 'req' is declared but its value is never read.
src/presentation/http/controllers/admin/email-queue.controller.ts(121,44): error TS6133: 'req' is declared but its value is never read.
src/presentation/http/controllers/admin/email-queue.controller.ts(121,73): error TS6133: 'next' is declared but its value is never read.
src/presentation/http/controllers/admin/impersonation.controller.ts(102,15): error TS6133: 'auth' is declared but its value is never read.
src/presentation/http/controllers/admin/user-management.controller.ts(24,38): error TS6133: 'isSuperAdmin' is declared but its value is never read.
src/presentation/http/controllers/admin/user-management.controller.ts(144,30): error TS6133: 'isSuperAdmin' is declared but its value is never read.
src/presentation/http/controllers/admin/user-management.controller.ts(216,38): error TS6133: 'isSuperAdmin' is declared but its value is never read.
src/presentation/http/controllers/admin/user-management.controller.ts(263,38): error TS6133: 'isSuperAdmin' is declared but its value is never read.
src/presentation/http/controllers/analytics/analytics.controller.ts(1528,5): error TS6133: 'req' is declared but its value is never read.
src/presentation/http/controllers/auth/auth.controller.ts(797,11): error TS6198: All destructured elements are unused.
src/presentation/http/controllers/auth/auth.controller.ts(1136,67): error TS6133: 'next' is declared but its value is never read.
src/presentation/http/controllers/auth/mfa.controller.ts(39,21): error TS6133: 'secret' is declared but its value is never read.
src/presentation/http/controllers/auth/mfa.controller.ts(209,36): error TS6133: 'res' is declared but its value is never read.
src/presentation/http/controllers/auth/recovery.controller.ts(54,44): error TS6133: 'req' is declared but its value is never read.
src/presentation/http/controllers/commission/commission-transaction.controller.ts(53,74): error TS6133: 'sortBy' is declared but its value is never read.
src/presentation/http/controllers/commission/commission-transaction.controller.ts(53,82): error TS6133: 'sortOrder' is declared but its value is never read.
src/presentation/http/controllers/disputes/weight-disputes.controller.ts(298,15): error TS6133: 'auth' is declared but its value is never read.
src/presentation/http/controllers/finance/admin-finance.controller.ts(20,15): error TS6133: 'auth' is declared but its value is never read.
src/presentation/http/controllers/finance/admin-finance.controller.ts(75,15): error TS6133: 'auth' is declared but its value is never read.
src/presentation/http/controllers/finance/admin-finance.controller.ts(128,15): error TS6133: 'auth' is declared but its value is never read.
src/presentation/http/controllers/finance/admin-finance.controller.ts(178,15): error TS6133: 'auth' is declared but its value is never read.
src/presentation/http/controllers/finance/cod-remittance.controller.ts(208,15): error TS6133: 'auth' is declared but its value is never read.
src/presentation/http/controllers/finance/invoice.controller.ts(167,23): error TS6133: 'storagePath' is declared but its value is never read.
src/presentation/http/controllers/finance/invoice.controller.ts(182,23): error TS6133: 'fileUrl' is declared but its value is never read.
src/presentation/http/controllers/finance/invoice.controller.ts(238,23): error TS6133: 'storagePath' is declared but its value is never read.
src/presentation/http/controllers/identity/account.controller.ts(36,7): error TS6133: 'permanentDeleteSchema' is declared but its value is never read.
src/presentation/http/controllers/identity/consent.controller.ts(31,7): error TS6133: 'withdrawConsentSchema' is declared but its value is never read.
src/presentation/http/controllers/identity/kyc.controller.ts(58,53): error TS6133: 'res' is declared but its value is never read.
src/presentation/http/controllers/integrations/shopify.controller.ts(78,54): error TS6133: 'next' is declared but its value is never read.
src/presentation/http/controllers/logistics/admin-return.controller.ts(29,15): error TS6133: 'auth' is declared but its value is never read.
src/presentation/http/controllers/logistics/admin-return.controller.ts(113,15): error TS6133: 'auth' is declared but its value is never read.
src/presentation/http/controllers/logistics/admin-return.controller.ts(150,15): error TS6133: 'auth' is declared but its value is never read.
src/presentation/http/controllers/logistics/pincode.controller.ts(145,5): error TS6133: 'req' is declared but its value is never read.
src/presentation/http/controllers/logistics/return.controller.ts(126,23): error TS6133: 'appError' is declared but its value is never read.
src/presentation/http/controllers/ndr/ndr-communication.controller.ts(186,24): error TS6133: 'req' is declared but its value is never read.
src/presentation/http/controllers/ndr/ndr.controller.ts(268,40): error TS6133: 'resolutionMethod' is declared but its value is never read.
src/presentation/http/controllers/ndr/ndr.controller.ts(361,51): error TS6133: 'notes' is declared but its value is never read.
src/presentation/http/controllers/ndr/ndr.controller.ts(422,41): error TS6133: 'ndrType' is declared but its value is never read.
src/presentation/http/controllers/ndr/ndr.controller.ts(545,28): error TS6133: 'startDate' is declared but its value is never read.
src/presentation/http/controllers/ndr/ndr.controller.ts(545,39): error TS6133: 'endDate' is declared but its value is never read.
src/presentation/http/controllers/ndr/ndr.controller.ts(580,32): error TS6133: 'req' is declared but its value is never read.
src/presentation/http/controllers/onboarding/onboarding.controller.ts(129,60): error TS6133: 'next' is declared but its value is never read.
src/presentation/http/controllers/rto/rto.controller.ts(143,19): error TS6133: 'companyId' is declared but its value is never read.
src/presentation/http/controllers/rto/rto.controller.ts(156,41): error TS6133: 'notes' is declared but its value is never read.
src/presentation/http/controllers/rto/rto.controller.ts(156,48): error TS6133: 'warehouseId' is declared but its value is never read.
src/presentation/http/controllers/rto/rto.controller.ts(156,61): error TS6133: 'expectedReturnDate' is declared but its value is never read.
src/presentation/http/controllers/rto/rto.controller.ts(295,31): error TS6133: 'nextAction' is declared but its value is never read.
src/presentation/http/controllers/shipping/admin-order.controller.ts(26,15): error TS6133: 'auth' is declared but its value is never read.
src/presentation/http/controllers/shipping/admin-order.controller.ts(76,15): error TS6133: 'auth' is declared but its value is never read.
src/presentation/http/controllers/shipping/courier.controller.ts(42,10): error TS6133: 'normalizeProvider' is declared but its value is never read.
src/presentation/http/controllers/shipping/courier.controller.ts(58,53): error TS6133: 'provider' is declared but its value is never read.
src/presentation/http/controllers/shipping/order.controller.ts(365,35): error TS6133: 'err' is declared but its value is never read.
src/presentation/http/controllers/shipping/order.controller.ts(450,35): error TS6133: 'err' is declared but its value is never read.
src/presentation/http/controllers/system/health.controller.ts(17,40): error TS6133: 'req' is declared but its value is never read.
src/presentation/http/controllers/system/health.controller.ts(17,69): error TS6133: 'next' is declared but its value is never read.
src/presentation/http/controllers/system/health.controller.ts(54,43): error TS6133: 'req' is declared but its value is never read.
src/presentation/http/controllers/system/health.controller.ts(80,37): error TS6133: 'req' is declared but its value is never read.
src/presentation/http/controllers/system/health.controller.ts(97,43): error TS6133: 'req' is declared but its value is never read.
src/presentation/http/controllers/system/health.controller.ts(123,51): error TS6133: 'req' is declared but its value is never read.
src/presentation/http/controllers/system/health.controller.ts(159,40): error TS6133: 'req' is declared but its value is never read.
src/presentation/http/controllers/system/seller-health.controller.ts(393,15): error TS6133: 'isAdmin' is declared but its value is never read.
src/presentation/http/controllers/warehouse/admin-warehouse.controller.ts(92,15): error TS6133: 'auth' is declared but its value is never read.
src/presentation/http/controllers/warehouse/admin-warehouse.controller.ts(144,15): error TS6133: 'auth' is declared but its value is never read.
src/presentation/http/controllers/webhooks/payment/razorpay-payout.webhook.controller.ts(13,5): error TS6133: 'next' is declared but its value is never read.
src/presentation/http/middleware/auth/csrf.ts(7,7): error TS6133: 'CSRF_TOKEN_LENGTH' is declared but its value is never read.
src/presentation/http/middleware/auth/csrf.ts(231,5): error TS6133: 'res' is declared but its value is never read.
src/presentation/http/middleware/auth/kyc.ts(25,5): error TS6133: 'res' is declared but its value is never read.
src/presentation/http/middleware/auth/kyc.ts(153,5): error TS6133: 'res' is declared but its value is never read.
src/presentation/http/middleware/webhooks/flipkart-webhook-auth.middleware.ts(147,45): error TS6133: 'res' is declared but its value is never read.
src/presentation/http/middleware/webhooks/shopify-webhook-auth.middleware.ts(242,3): error TS6133: 'res' is declared but its value is never read.
src/presentation/http/middleware/webhooks/woocommerce-webhook-auth.middleware.ts(146,45): error TS6133: 'res' is declared but its value is never read.
src/presentation/http/routes/v1/disputes/packing-station.routes.ts(22,18): error TS6133: 'req' is declared but its value is never read.
src/presentation/http/routes/v1/webhooks/delhivery.webhook.routes.ts(9,24): error TS6133: 'req' is declared but its value is never read.
src/presentation/http/routes/v1/webhooks/ekart.routes.ts(9,24): error TS6133: 'req' is declared but its value is never read.
src/presentation/http/routes/v1/webhooks/velocity.webhook.routes.ts(22,24): error TS6133: 'req' is declared but its value is never read.
src/shared/config/rateLimit.config.ts(77,19): error TS6133: 'req' is declared but its value is never read.
src/shared/config/rateLimit.config.ts(100,19): error TS6133: 'req' is declared but its value is never read.
src/shared/config/rateLimit.config.ts(127,19): error TS6133: 'req' is declared but its value is never read.
src/shared/config/rateLimit.config.ts(183,19): error TS6133: 'req' is declared but its value is never read.
src/shared/helpers/twilio.utils.ts(23,7): error TS6133: 'verifyServiceSid' is declared but its value is never read.
src/shared/utils/volumetric-weight.util.ts(17,7): error TS6133: 'CM_TO_INCH' is declared but its value is never read.
tests/fixtures/pickingFactory.ts(13,7): error TS6133: 'getOrderModel' is declared but its value is never read.
tests/integration/access/tiered-access.test.ts(248,13): error TS6133: 'kyc' is declared but its value is never read.
tests/integration/address-update.integration.test.ts(56,19): error TS6133: 'newAddress' is declared but its value is never read.
tests/integration/admin/couriers.test.ts(19,9): error TS6133: 'adminToken' is declared but its value is never read.
tests/integration/admin/couriers.test.ts(21,9): error TS6133: 'userId' is declared but its value is never read.
tests/integration/auth/email-change.test.ts(481,19): error TS6133: 'user' is declared but its value is never read.
tests/integration/auth/password-change.test.ts(418,19): error TS6133: 'initialUser' is declared but its value is never read.
tests/integration/auth/password-change.test.ts(454,19): error TS6133: 'user' is declared but its value is never read.
tests/integration/auth/registration-atomicity.test.ts(162,19): error TS6133: 'response' is declared but its value is never read.
tests/integration/auth/registration-atomicity.test.ts(180,19): error TS6133: 'response' is declared but its value is never read.
tests/integration/auth/registration-atomicity.test.ts(200,19): error TS6133: 'response' is declared but its value is never read.
tests/integration/auth/token-refresh.test.ts(23,7): error TS6133: 'SESSION_TIMEOUT_MS' is declared but its value is never read.
tests/integration/auth/token-refresh.test.ts(29,9): error TS6133: 'cookieJar' is declared but its value is never read.
tests/integration/auth/token-refresh.test.ts(281,19): error TS6133: 'newToken' is declared but its value is never read.
tests/integration/crm/call-log.integration.test.ts(17,9): error TS6133: 'salesRepToken' is declared but its value is never read.
tests/integration/crm/dispute.integration.test.ts(15,7): error TS6133: 'ticketId' is declared but its value is never read.
tests/integration/crm/dispute.integration.test.ts(58,11): error TS6133: 'ownerRole' is declared but its value is never read.
tests/integration/crm/ndr-listener.integration.test.ts(13,9): error TS6133: 'salesRep' is declared but its value is never read.
tests/integration/crm/notification.integration.test.ts(10,7): error TS6133: 'userId' is declared but its value is never read.
tests/integration/crm/notification.integration.test.ts(408,13): error TS6133: 'template' is declared but its value is never read.
tests/integration/crm/notification.integration.test.ts(443,13): error TS6133: 'template' is declared but its value is never read.
tests/integration/crm/sales-rep.integration.test.ts(82,19): error TS6133: 'newUser' is declared but its value is never read.
tests/integration/finance/cod-api.test.ts(5,29): error TS6133: 'req' is declared but its value is never read.
tests/integration/finance/cod-api.test.ts(5,39): error TS6133: 'res' is declared but its value is never read.
tests/integration/finance/cod-api.test.ts(6,31): error TS6133: 'req' is declared but its value is never read.
tests/integration/finance/cod-api.test.ts(6,41): error TS6133: 'res' is declared but its value is never read.
tests/integration/finance/cod-api.test.ts(23,9): error TS6133: 'userId' is declared but its value is never read.
tests/integration/finance/cod-end-to-end.test.ts(15,9): error TS6133: 'session' is declared but its value is never read.
tests/integration/finance/cod-end-to-end.test.ts(284,15): error TS6133: 'eligibleShipment' is declared but its value is never read.
tests/integration/finance/cod-end-to-end.test.ts(305,15): error TS6133: 'ineligibleShipment' is declared but its value is never read.
tests/integration/finance/settlement-webhook.integration.test.ts(255,19): error TS6133: 'shipment' is declared but its value is never read.
tests/integration/security/cross-company-kyc.test.ts(12,9): error TS6133: 'kycA' is declared but its value is never read.
tests/integration/security/cross-company-kyc.test.ts(245,19): error TS6133: 'kycB' is declared but its value is never read.
tests/integration/shopify/complete-flow.integration.test.ts(26,7): error TS6133: 'userId' is declared but its value is never read.
tests/integration/shopify/shopify-advanced-flow.test.ts(408,19): error TS6133: 'order' is declared but its value is never read.
tests/integration/shopify/shopify-advanced-flow.test.ts(675,19): error TS6133: 'uninstallPayload' is declared but its value is never read.
tests/integration/velocity/velocity.integration.test.ts(45,11): error TS6133: 'warehouse' is declared but its value is never read.
tests/integration/velocity/velocity.integration.test.ts(64,11): error TS6133: 'integration' is declared but its value is never read.
tests/integration/velocity/velocity.integration.test.ts(169,13): error TS6133: 'mockAuthResponse' is declared but its value is never read.
tests/integration/velocity/velocity.integration.test.ts(249,13): error TS6133: 'mockAuthResponse' is declared but its value is never read.
tests/integration/velocity/velocity.integration.test.ts(265,13): error TS6133: 'result' is declared but its value is never read.
tests/integration/velocity/velocity.integration.test.ts(321,13): error TS6133: 'mockAuthResponse' is declared but its value is never read.
tests/integration/velocity/velocity.integration.test.ts(363,13): error TS6133: 'mockAuthResponse' is declared but its value is never read.
tests/integration/velocity/velocity.integration.test.ts(420,13): error TS6133: 'mockAuthResponse' is declared but its value is never read.
tests/integration/velocity/velocity.integration.test.ts(441,13): error TS6133: 'mockAuthResponse' is declared but its value is never read.
tests/integration/velocity/velocity.integration.test.ts(495,13): error TS6133: 'mockAuthResponse' is declared but its value is never read.
tests/integration/velocity/velocity.integration.test.ts(522,13): error TS6133: 'mockAuthResponse' is declared but its value is never read.
tests/integration/velocity/velocity.integration.test.ts(563,13): error TS6133: 'mockAuthResponse' is declared but its value is never read.
tests/integration/velocity/velocity.integration.test.ts(592,13): error TS6133: 'mockAuthResponse' is declared but its value is never read.
tests/integration/velocity/velocity.integration.test.ts(617,13): error TS6133: 'mockAuthResponse' is declared but its value is never read.
tests/integration/velocity/velocity.integration.test.ts(637,13): error TS6133: 'mockAuthResponse' is declared but its value is never read.
tests/integration/velocity/velocity.integration.test.ts(685,13): error TS6133: 'mockAuthResponse' is declared but its value is never read.
tests/integration/velocity/velocity.integration.test.ts(746,13): error TS6133: 'mockAuthResponse' is declared but its value is never read.
tests/integration/velocity/velocity.integration.test.ts(774,13): error TS6133: 'mockAuthResponse' is declared but its value is never read.
tests/integration/velocity/webhook.integration.test.ts(20,52): error TS6133: 'timestamp' is declared but its value is never read.
tests/integration/woocommerce/complete-flow.integration.test.ts(25,7): error TS6133: 'jwtToken' is declared but its value is never read.
tests/integration/woocommerce/complete-flow.integration.test.ts(27,7): error TS6133: 'userId' is declared but its value is never read.
tests/integration/woocommerce/woocommerce-advanced-flow.test.ts(502,19): error TS6133: 'deletePayload' is declared but its value is never read.
tests/integration/woocommerce/woocommerce-advanced-flow.test.ts(638,19): error TS6133: 'deletePayload' is declared but its value is never read.
tests/integration/woocommerce/woocommerce-advanced-flow.test.ts(657,19): error TS6133: 'parentMapping' is declared but its value is never read.
tests/integration/woocommerce/woocommerce-advanced-flow.test.ts(670,19): error TS6133: 'variation1' is declared but its value is never read.
tests/integration/woocommerce/woocommerce-advanced-flow.test.ts(682,19): error TS6133: 'variation2' is declared but its value is never read.
tests/mocks/deepvue.mock.ts(77,38): error TS6133: 'pan' is declared but its value is never read.
tests/mocks/deepvue.mock.ts(112,5): error TS6133: 'aadhaar' is declared but its value is never read.
tests/mocks/deepvue.mock.ts(145,5): error TS6133: 'gstin' is declared but its value is never read.
tests/mocks/deepvue.mock.ts(179,5): error TS6133: 'accountNumber' is declared but its value is never read.
tests/mocks/deepvue.mock.ts(196,67): error TS6133: 'otp' is declared but its value is never read.
tests/mocks/razorpay.mock.ts(90,5): error TS6133: 'isPartial' is declared but its value is never read.
tests/mocks/razorpay.mock.ts(109,5): error TS6133: 'signature' is declared but its value is never read.
tests/mocks/sendgrid.mock.ts(32,38): error TS6133: 'to' is declared but its value is never read.
tests/mocks/sendgrid.mock.ts(44,5): error TS6133: 'code' is declared but its value is never read.
tests/mocks/velocityShipfast.mock.ts(102,5): error TS6133: 'originPincode' is declared but its value is never read.
tests/mocks/velocityShipfast.mock.ts(103,5): error TS6133: 'destPincode' is declared but its value is never read.
tests/mocks/whatsapp.mock.ts(65,65): error TS6133: 'actionUrl' is declared but its value is never read.
tests/mocks/whatsapp.mock.ts(112,36): error TS6133: 'caption' is declared but its value is never read.
tests/mocks/whatsapp.mock.ts(112,54): error TS6133: 'type' is declared but its value is never read.
tests/mocks/whatsapp.mock.ts(212,32): error TS6133: 'args' is declared but its value is never read.
tests/unit/infrastructure/Integration/bulk-import.e2e.test.ts(10,30): error TS6133: 'res' is declared but its value is never read.
tests/unit/infrastructure/Integration/bulk-import.e2e.test.ts(15,22): error TS6133: 'req' is declared but its value is never read.
tests/unit/infrastructure/Integration/bulk-import.e2e.test.ts(15,32): error TS6133: 'res' is declared but its value is never read.
tests/unit/infrastructure/Integration/bulk-import.e2e.test.ts(19,30): error TS6133: 'req' is declared but its value is never read.
tests/unit/infrastructure/Integration/bulk-import.e2e.test.ts(19,40): error TS6133: 'res' is declared but its value is never read.
tests/unit/infrastructure/Integration/bulk-import.e2e.test.ts(20,27): error TS6133: 'req' is declared but its value is never read.
tests/unit/infrastructure/Integration/bulk-import.e2e.test.ts(20,37): error TS6133: 'res' is declared but its value is never read.
tests/unit/infrastructure/Integration/bulk-import.e2e.test.ts(47,101): error TS6133: 'res' is declared but its value is never read.
tests/unit/infrastructure/Integration/bulk-imports.test.ts(218,19): error TS6133: 'result' is declared but its value is never read.
tests/unit/infrastructure/Integration/finance-workflow.test.ts(138,19): error TS6133: 'shipment' is declared but its value is never read.
tests/unit/infrastructure/Integration/finance-workflow.test.ts(205,19): error TS6133: 'shipment' is declared but its value is never read.
tests/unit/infrastructure/Integration/wallet.test.ts(175,19): error TS6133: 'company' is declared but its value is never read.
tests/unit/infrastructure/Integration/wallet.test.ts(194,19): error TS6133: 'results' is declared but its value is never read.
tests/unit/services/auth/auth.service.test.ts(116,19): error TS6133: 'admin1' is declared but its value is never read.
tests/unit/services/auth/auth.service.test.ts(117,19): error TS6133: 'admin2' is declared but its value is never read.
tests/unit/services/disputes/weight-dispute-detection.test.ts(14,6): error TS6196: 'MockedFunction' is declared but never used.
tests/unit/services/disputes/weight-dispute-resolution.test.ts(16,6): error TS6196: 'MockedFunction' is declared but never used.
tests/unit/services/shopify/ShopifyOAuthService.test.ts(200,13): error TS6133: 'result' is declared but its value is never read.
tests/unit/velocity/VelocityAuth.test.ts(235,13): error TS6133: 'beforeTime' is declared but its value is never read.
tests/unit/velocity/VelocityAuth.test.ts(237,13): error TS6133: 'afterTime' is declared but its value is never read.
